[2025-01-31 00:07:17.113] [info] Using configuration file /home/sohampatel/.config/waybar/config.jsonc
[2025-01-31 00:07:17.116] [info] Discovered appearance 'dark'
[2025-01-31 00:07:17.116] [info] Using CSS file /home/sohampatel/.config/waybar/style.css

(waybar:6479): Gtk-WARNING **: 00:07:17.116: Theme parsing error: style.css:3:19: Not using units is deprecated. Assuming 'px'.
[2025-01-31 00:07:17.121] [info] Hyprland IPC starting
[2025-01-31 00:07:17.123] [info] Loading persistent workspaces from Hyprland workspace rules
[2025-01-31 00:07:17.262] [info] Bar configured (width: 1440, height: 35) for output: eDP-1
[2025-01-31 00:07:24.019] [info] Using configuration file /home/sohampatel/.config/waybar/config.jsonc
[2025-01-31 00:07:24.022] [info] Discovered appearance 'dark'
[2025-01-31 00:07:24.022] [info] Using CSS file /home/sohampatel/.config/waybar/style.css

(waybar:6539): Gtk-WARNING **: 00:07:24.022: Theme parsing error: style.css:3:19: Not using units is deprecated. Assuming 'px'.
[2025-01-31 00:07:24.029] [info] Hyprland IPC starting
[2025-01-31 00:07:24.029] [info] Loading persistent workspaces from Hyprland workspace rules
[2025-01-31 00:07:24.165] [info] Bar configured (width: 1440, height: 35) for output: eDP-1
[2025-01-31 01:32:17.515] [info] Using configuration file /home/sohampatel/.config/waybar/config.jsonc
[2025-01-31 01:32:17.521] [info] Discovered appearance 'dark'
[2025-01-31 01:32:17.521] [info] Using CSS file /home/sohampatel/.config/waybar/style.css

(waybar:13398): Gtk-WARNING **: 01:32:17.521: Theme parsing error: style.css:3:19: Not using units is deprecated. Assuming 'px'.
[2025-01-31 01:32:17.522] [error] style.css:108:2Expected semicolon
[2025-02-01 20:13:45.112] [info] Using configuration file /home/sohampatel/.config/waybar/config.jsonc
[2025-02-01 20:13:45.118] [info] Discovered appearance 'dark'
[2025-02-01 20:13:45.118] [info] Using CSS file /home/sohampatel/.config/waybar/style.css
[2025-02-01 20:13:45.120] [error] style.css:3:0expected semicolon
